<?xml version="1.0" encoding="UTF-8"?>
<!-- Generated by org.testng.reporters.JUnitXMLReporter -->
<testsuite hostname="DATAMOULDS20210601" ignored="0" name="Default test" tests="4" failures="0" timestamp="19 Jun 2022 19:11:08 GMT" time="6.015" errors="0">
  <testcase name="addBook_Request" time="3.137" classname="library_basic_Demo_Script_with_DyanmicJson.Add_Get_Basic_Test"/>
  <testcase name="addBook_Request" time="0.613" classname="library_basic_Demo_Script_with_DyanmicJson.Add_Get_Basic_Test"/>
  <testcase name="addBook_Request" time="0.347" classname="library_basic_Demo_Script_with_DyanmicJson.Add_Get_Basic_Test"/>
  <testcase name="getBookById" time="1.852" classname="library_basic_Demo_Script_with_DyanmicJson.Add_Get_Basic_Test"/>
</testsuite> <!-- Default test -->
