<?xml version="1.0" encoding="UTF-8"?>
<testng-results skipped="0" failed="0" ignored="0" total="4" passed="4">
  <reporter-output>
  </reporter-output>
  <suite name="Default suite" duration-ms="6015" started-at="2022-06-19T19:11:02Z" finished-at="2022-06-19T19:11:08Z">
    <groups>
    </groups>
    <test name="Default test" duration-ms="6015" started-at="2022-06-19T19:11:02Z" finished-at="2022-06-19T19:11:08Z">
      <class name="library_basic_Demo_Script_with_DyanmicJson.Add_Get_Basic_Test">
        <test-method status="PASS" signature="addBook_Request(java.lang.String, java.lang.String)[pri:0, instance:library_basic_Demo_Script_with_DyanmicJson.Add_Get_Basic_Test@4f933fd1]" name="addBook_Request" duration-ms="3137" started-at="2022-06-19T19:11:02Z" data-provider="getData" finished-at="2022-06-19T19:11:06Z">
          <params>
            <param index="0">
              <value>
                <![CDATA[oklhg]]>
              </value>
            </param>
            <param index="1">
              <value>
                <![CDATA[8907]]>
              </value>
            </param>
          </params>
          <reporter-output>
          </reporter-output>
        </test-method> <!-- addBook_Request -->
        <test-method status="PASS" signature="addBook_Request(java.lang.String, java.lang.String)[pri:0, instance:library_basic_Demo_Script_with_DyanmicJson.Add_Get_Basic_Test@4f933fd1]" name="addBook_Request" duration-ms="613" started-at="2022-06-19T19:11:06Z" data-provider="getData" finished-at="2022-06-19T19:11:06Z">
          <params>
            <param index="0">
              <value>
                <![CDATA[uiydd]]>
              </value>
            </param>
            <param index="1">
              <value>
                <![CDATA[7632]]>
              </value>
            </param>
          </params>
          <reporter-output>
          </reporter-output>
        </test-method> <!-- addBook_Request -->
        <test-method status="PASS" signature="addBook_Request(java.lang.String, java.lang.String)[pri:0, instance:library_basic_Demo_Script_with_DyanmicJson.Add_Get_Basic_Test@4f933fd1]" name="addBook_Request" duration-ms="347" started-at="2022-06-19T19:11:06Z" data-provider="getData" finished-at="2022-06-19T19:11:07Z">
          <params>
            <param index="0">
              <value>
                <![CDATA[nhjlv]]>
              </value>
            </param>
            <param index="1">
              <value>
                <![CDATA[8061]]>
              </value>
            </param>
          </params>
          <reporter-output>
          </reporter-output>
        </test-method> <!-- addBook_Request -->
        <test-method status="PASS" signature="getBookById()[pri:0, instance:library_basic_Demo_Script_with_DyanmicJson.Add_Get_Basic_Test@4f933fd1]" name="getBookById" duration-ms="1852" started-at="2022-06-19T19:11:07Z" finished-at="2022-06-19T19:11:08Z">
          <reporter-output>
          </reporter-output>
        </test-method> <!-- getBookById -->
      </class> <!-- library_basic_Demo_Script_with_DyanmicJson.Add_Get_Basic_Test -->
    </test> <!-- Default test -->
  </suite> <!-- Default suite -->
</testng-results>
